[
  {
    "level": "INFO",
    "message": "android.ndkVersion from module build.gradle is [21.3.6528147]"
  },
  {
    "level": "INFO",
    "message": "android.ndkPath from module build.gradle is not set"
  },
  {
    "level": "INFO",
    "message": "ndk.dir in local.properties is {Path to Android NDK directory}"
  },
  {
    "level": "INFO",
    "message": "Not considering ANDROID_NDK_HOME because support was removed after deprecation period."
  },
  {
    "level": "INFO",
    "message": "sdkFolder is C:\\Users\\micha\\AppData\\Local\\Android\\Sdk"
  },
  {
    "level": "INFO",
    "message": "Folder {Path to Android NDK directory} does not exist. Ignoring."
  }
]